# JRE version: OpenJDK Runtime Environment (11.0.8+10) (build 11.0.8+10-b944.6842174)
# Java VM: OpenJDK 64-Bit Server VM (11.0.8+10-b944.6842174, mixed mode, tiered, compressed oops, g1 gc, windows-amd64)
Heap:
 garbage-first heap   total 428032K, used 352898K [0x0000000080000000, 0x0000000100000000)
  region size 1024K, 206 young (210944K), 9 survivors (9216K)
 Metaspace       used 131656K, capacity 135068K, committed 135372K, reserved 1167360K
  class space    used 16224K, capacity 17561K, committed 17652K, reserved 1048576K
GC Heap History (20 events):
Event: 2910.916 GC heap before
{Heap before GC invocations=45 (full 0):
 garbage-first heap   total 262144K, used 220840K [0x0000000080000000, 0x0000000100000000)
  region size 1024K, 85 young (87040K), 8 survivors (8192K)
 Metaspace       used 130926K, capacity 134340K, committed 134604K, reserved 1167360K
  class space    used 16204K, capacity 17521K, committed 17652K, reserved 1048576K
}
Event: 2910.923 GC heap after
{Heap after GC invocations=46 (full 0):
 garbage-first heap   total 262144K, used 143444K [0x0000000080000000, 0x0000000100000000)
  region size 1024K, 5 young (5120K), 5 survivors (5120K)
 Metaspace       used 130926K, capacity 134340K, committed 134604K, reserved 1167360K
  class space    used 16204K, capacity 17521K, committed 17652K, reserved 1048576K
}
Event: 2911.058 GC heap before
{Heap before GC invocations=46 (full 0):
 garbage-first heap   total 262144K, used 222292K [0x0000000080000000, 0x0000000100000000)
  region size 1024K, 83 young (84992K), 5 survivors (5120K)
 Metaspace       used 131007K, capacity 134470K, committed 134604K, reserved 1167360K
  class space    used 16204K, capacity 17521K, committed 17652K, reserved 1048576K
}
Event: 2911.067 GC heap after
{Heap after GC invocations=47 (full 0):
 garbage-first heap   total 262144K, used 147745K [0x0000000080000000, 0x0000000100000000)
  region size 1024K, 9 young (9216K), 9 survivors (9216K)
 Metaspace       used 131007K, capacity 134470K, committed 134604K, reserved 1167360K
  class space    used 16204K, capacity 17521K, committed 17652K, reserved 1048576K
}
Event: 2911.208 GC heap before
{Heap before GC invocations=47 (full 0):
 garbage-first heap   total 262144K, used 224545K [0x0000000080000000, 0x0000000100000000)
  region size 1024K, 84 young (86016K), 9 survivors (9216K)
 Metaspace       used 131086K, capacity 134485K, committed 134860K, reserved 1167360K
  class space    used 16204K, capacity 17521K, committed 17652K, reserved 1048576K
}
Event: 2911.219 GC heap after
{Heap after GC invocations=48 (full 0):
 garbage-first heap   total 262144K, used 147860K [0x0000000080000000, 0x0000000100000000)
  region size 1024K, 6 young (6144K), 6 survivors (6144K)
 Metaspace       used 131086K, capacity 134485K, committed 134860K, reserved 1167360K
  class space    used 16204K, capacity 17521K, committed 17652K, reserved 1048576K
}
Event: 2911.343 GC heap before
{Heap before GC invocations=48 (full 0):
 garbage-first heap   total 262144K, used 224660K [0x0000000080000000, 0x0000000100000000)
  region size 1024K, 81 young (82944K), 6 survivors (6144K)
 Metaspace       used 131093K, capacity 134550K, committed 134860K, reserved 1167360K
  class space    used 16204K, capacity 17521K, committed 17652K, reserved 1048576K
}
Event: 2911.349 GC heap after
{Heap after GC invocations=49 (full 0):
 garbage-first heap   total 262144K, used 148074K [0x0000000080000000, 0x0000000100000000)
  region size 1024K, 6 young (6144K), 6 survivors (6144K)
 Metaspace       used 131093K, capacity 134550K, committed 134860K, reserved 1167360K
  class space    used 16204K, capacity 17521K, committed 17652K, reserved 1048576K
}
Event: 2911.473 GC heap before
{Heap before GC invocations=49 (full 0):
 garbage-first heap   total 262144K, used 224874K [0x0000000080000000, 0x0000000100000000)
  region size 1024K, 82 young (83968K), 6 survivors (6144K)
 Metaspace       used 131146K, capacity 134562K, committed 134860K, reserved 1167360K
  class space    used 16204K, capacity 17521K, committed 17652K, reserved 1048576K
}
Event: 2911.483 GC heap after
{Heap after GC invocations=50 (full 0):
 garbage-first heap   total 320512K, used 149671K [0x0000000080000000, 0x0000000100000000)
  region size 1024K, 8 young (8192K), 8 survivors (8192K)
 Metaspace       used 131146K, capacity 134562K, committed 134860K, reserved 1167360K
  class space    used 16204K, capacity 17521K, committed 17652K, reserved 1048576K
}
Event: 2911.747 GC heap before
{Heap before GC invocations=50 (full 0):
 garbage-first heap   total 320512K, used 253095K [0x0000000080000000, 0x0000000100000000)
  region size 1024K, 108 young (110592K), 8 survivors (8192K)
 Metaspace       used 131242K, capacity 134648K, committed 134860K, reserved 1167360K
  class space    used 16204K, capacity 17521K, committed 17652K, reserved 1048576K
}
Event: 2911.755 GC heap after
{Heap after GC invocations=51 (full 0):
 garbage-first heap   total 320512K, used 148853K [0x0000000080000000, 0x0000000100000000)
  region size 1024K, 7 young (7168K), 7 survivors (7168K)
 Metaspace       used 131242K, capacity 134648K, committed 134860K, reserved 1167360K
  class space    used 16204K, capacity 17521K, committed 17652K, reserved 1048576K
}
Event: 2912.061 GC heap before
{Heap before GC invocations=51 (full 0):
 garbage-first heap   total 320512K, used 255349K [0x0000000080000000, 0x0000000100000000)
  region size 1024K, 111 young (113664K), 7 survivors (7168K)
 Metaspace       used 131252K, capacity 134648K, committed 134860K, reserved 1167360K
  class space    used 16204K, capacity 17521K, committed 17652K, reserved 1048576K
}
Event: 2912.070 GC heap after
{Heap after GC invocations=52 (full 0):
 garbage-first heap   total 320512K, used 149420K [0x0000000080000000, 0x0000000100000000)
  region size 1024K, 8 young (8192K), 8 survivors (8192K)
 Metaspace       used 131252K, capacity 134648K, committed 134860K, reserved 1167360K
  class space    used 16204K, capacity 17521K, committed 17652K, reserved 1048576K
}
Event: 2912.409 GC heap before
{Heap before GC invocations=52 (full 0):
 garbage-first heap   total 320512K, used 258988K [0x0000000080000000, 0x0000000100000000)
  region size 1024K, 115 young (117760K), 8 survivors (8192K)
 Metaspace       used 131276K, capacity 134714K, committed 134860K, reserved 1167360K
  class space    used 16204K, capacity 17521K, committed 17652K, reserved 1048576K
}
Event: 2912.419 GC heap after
{Heap after GC invocations=53 (full 0):
 garbage-first heap   total 320512K, used 149623K [0x0000000080000000, 0x0000000100000000)
  region size 1024K, 8 young (8192K), 8 survivors (8192K)
 Metaspace       used 131276K, capacity 134714K, committed 134860K, reserved 1167360K
  class space    used 16204K, capacity 17521K, committed 17652K, reserved 1048576K
}
Event: 2912.760 GC heap before
{Heap before GC invocations=53 (full 0):
 garbage-first heap   total 320512K, used 262263K [0x0000000080000000, 0x0000000100000000)
  region size 1024K, 118 young (120832K), 8 survivors (8192K)
 Metaspace       used 131295K, capacity 134714K, committed 134860K, reserved 1167360K
  class space    used 16204K, capacity 17521K, committed 17652K, reserved 1048576K
}
Event: 2912.786 GC heap after
{Heap after GC invocations=54 (full 0):
 garbage-first heap   total 428032K, used 150320K [0x0000000080000000, 0x0000000100000000)
  region size 1024K, 9 young (9216K), 9 survivors (9216K)
 Metaspace       used 131295K, capacity 134714K, committed 134860K, reserved 1167360K
  class space    used 16204K, capacity 17521K, committed 17652K, reserved 1048576K
}
Event: 2913.722 GC heap before
{Heap before GC invocations=54 (full 0):
 garbage-first heap   total 428032K, used 330544K [0x0000000080000000, 0x0000000100000000)
  region size 1024K, 185 young (189440K), 9 survivors (9216K)
 Metaspace       used 131309K, capacity 134715K, committed 134860K, reserved 1167360K
  class space    used 16204K, capacity 17521K, committed 17652K, reserved 1048576K
}
Event: 2913.731 GC heap after
{Heap after GC invocations=55 (full 0):
 garbage-first heap   total 428032K, used 151170K [0x0000000080000000, 0x0000000100000000)
  region size 1024K, 9 young (9216K), 9 survivors (9216K)
 Metaspace       used 131309K, capacity 134715K, committed 134860K, reserved 1167360K
  class space    used 16204K, capacity 17521K, committed 17652K, reserved 1048576K
}

